<?xml version="1.0" encoding="UTF-8"?>
<testng-results ignored="0" total="4" passed="4" failed="0" skipped="0">
  <reporter-output>
  </reporter-output>
  <suite started-at="2021-10-13T09:35:31Z" name="Suite" finished-at="2021-10-13T09:35:38Z" duration-ms="7552">
    <groups>
    </groups>
    <test started-at="2021-10-13T09:35:31Z" name="Test" finished-at="2021-10-13T09:35:31Z" duration-ms="53">
      <class name="appTest.AppTest">
        <test-method signature="loginTestInvalidCreds()[pri:0, instance:appTest.AppTest@389c4eb1]" started-at="2021-10-13T09:35:31Z" name="loginTestInvalidCreds" description="Login with Invalid Credentials" finished-at="2021-10-13T09:35:31Z" duration-ms="20" status="PASS">
          <reporter-output>
          </reporter-output>
        </test-method> <!-- loginTestInvalidCreds -->
        <test-method signature="loginTestValidCreds()[pri:0, instance:appTest.AppTest@389c4eb1]" started-at="2021-10-13T09:35:31Z" name="loginTestValidCreds" description="Login with Valid Credentials" finished-at="2021-10-13T09:35:31Z" duration-ms="1" status="PASS">
          <reporter-output>
          </reporter-output>
        </test-method> <!-- loginTestValidCreds -->
      </class> <!-- appTest.AppTest -->
    </test> <!-- Test -->
    <test started-at="2021-10-13T09:35:31Z" name="Test2" finished-at="2021-10-13T09:35:31Z" duration-ms="0">
      <class name="appTest.NumberComparision">
        <test-method signature="IntCompare()[pri:0, instance:appTest.NumberComparision@6337c201]" started-at="2021-10-13T09:35:31Z" name="IntCompare" finished-at="2021-10-13T09:35:31Z" duration-ms="0" status="PASS">
          <reporter-output>
          </reporter-output>
        </test-method> <!-- IntCompare -->
      </class> <!-- appTest.NumberComparision -->
    </test> <!-- Test2 -->
    <test started-at="2021-10-13T09:35:31Z" name="Test3" finished-at="2021-10-13T09:35:38Z" duration-ms="7455">
      <class name="appTest.SeleniumDev">
        <test-method is-config="true" signature="beforeTest()[pri:0, instance:appTest.SeleniumDev@5117dd67]" started-at="2021-10-13T09:35:31Z" name="beforeTest" finished-at="2021-10-13T09:35:33Z" duration-ms="2351" status="PASS">
          <reporter-output>
          </reporter-output>
        </test-method> <!-- beforeTest -->
        <test-method signature="titleTest()[pri:0, instance:appTest.SeleniumDev@5117dd67]" started-at="2021-10-13T09:35:33Z" name="titleTest" finished-at="2021-10-13T09:35:36Z" duration-ms="2453" status="PASS">
          <reporter-output>
          </reporter-output>
        </test-method> <!-- titleTest -->
        <test-method is-config="true" signature="afterTest()[pri:0, instance:appTest.SeleniumDev@5117dd67]" started-at="2021-10-13T09:35:36Z" name="afterTest" finished-at="2021-10-13T09:35:38Z" duration-ms="2649" status="PASS">
          <reporter-output>
          </reporter-output>
        </test-method> <!-- afterTest -->
      </class> <!-- appTest.SeleniumDev -->
    </test> <!-- Test3 -->
  </suite> <!-- Suite -->
</testng-results>
